Pig Stack Trace
---------------
ERROR 1058: 
<file p4p2.pig, line 7, column 7> Filter's condition must evaluate to boolean. Found: bag

org.apache.pig.impl.logicalLayer.validators.TypeCheckerException: ERROR 1058: 
<file p4p2.pig, line 7, column 7> Filter's condition must evaluate to boolean. Found: bag
	at org.apache.pig.newplan.logical.visitor.TypeCheckingRelVisitor.throwTypeCheckerException(TypeCheckingRelVisitor.java:140)
	at org.apache.pig.newplan.logical.visitor.TypeCheckingRelVisitor.visit(TypeCheckingRelVisitor.java:121)
	at org.apache.pig.newplan.logical.relational.LOFilter.accept(LOFilter.java:79)
	at org.apache.pig.newplan.DependencyOrderWalker.walk(DependencyOrderWalker.java:75)
	at org.apache.pig.newplan.PlanVisitor.visit(PlanVisitor.java:52)
	at org.apache.pig.newplan.logical.relational.LogicalPlan.validate(LogicalPlan.java:190)
	at org.apache.pig.PigServer$Graph.compile(PigServer.java:1767)
	at org.apache.pig.PigServer$Graph.access$300(PigServer.java:1443)
	at org.apache.pig.PigServer.execute(PigServer.java:1356)
	at org.apache.pig.PigServer.executeBatch(PigServer.java:415)
	at org.apache.pig.PigServer.executeBatch(PigServer.java:398)
	at org.apache.pig.tools.grunt.GruntParser.executeBatch(GruntParser.java:171)
	at org.apache.pig.tools.grunt.GruntParser.parseStopOnError(GruntParser.java:234)
	at org.apache.pig.tools.grunt.GruntParser.parseStopOnError(GruntParser.java:205)
	at org.apache.pig.tools.grunt.Grunt.exec(Grunt.java:81)
	at org.apache.pig.Main.run(Main.java:624)
	at org.apache.pig.Main.main(Main.java:170)
	at sun.reflect.NativeMethodAccessorImpl.invoke0(Native Method)
	at sun.reflect.NativeMethodAccessorImpl.invoke(NativeMethodAccessorImpl.java:57)
	at sun.reflect.DelegatingMethodAccessorImpl.invoke(DelegatingMethodAccessorImpl.java:43)
	at java.lang.reflect.Method.invoke(Method.java:606)
	at org.apache.hadoop.util.RunJar.run(RunJar.java:221)
	at org.apache.hadoop.util.RunJar.main(RunJar.java:136)
================================================================================
